<?xml version="1.0" encoding="UTF-8"?>
<!-- Generated by org.testng.reporters.JUnitXMLReporter -->
<testsuite ignored="0" hostname="AJ" failures="1" tests="7" name="Car Loan" time="0.187" errors="0" timestamp="2024-08-12T16:54:04 IST">
  <testcase classname="TestApplication.day3" name="loginApiCar" time="0.016"/>
  <testcase classname="TestApplication.day3" name="mobileSignOutCar" time="0.008"/>
  <testcase classname="TestApplication.day3" name="mobileSignOutCar" time="0.003"/>
  <testcase classname="TestApplication.day3" name="mobileSignOutCar" time="0.004"/>
  <testcase classname="TestApplication.day3" name="mobileloginCar" time="0.005"/>
  <testcase classname="TestApplication.day3" name="webLoginCar" time="0.004"/>
  <testcase classname="TestApplication.day3" name="webloginX" time="0.0">
    <failure type="org.testng.TestNGException" message="
Parameter &amp;apos;URL&amp;apos; is required by @Test on method webloginX but has not been marked @Optional or defined
in C:\Users\anshu\OneDrive\Desktop\Automation_Sel\TestNGPractice\testng.xml">
      <![CDATA[org.testng.TestNGException: 
Parameter 'URL' is required by @Test on method webloginX but has not been marked @Optional or defined
in C:\Users\anshu\OneDrive\Desktop\Automation_Sel\TestNGPractice\testng.xml
at java.base/java.util.ArrayList.forEach(ArrayList.java:1511)
at java.base/java.util.concurrent.FutureTask.run(FutureTask.java:317)
at java.base/java.util.concurrent.ThreadPoolExecutor.runWorker(ThreadPoolExecutor.java:1144)
at java.base/java.util.concurrent.ThreadPoolExecutor$Worker.run(ThreadPoolExecutor.java:642)
at java.base/java.lang.Thread.run(Thread.java:1589)
... Removed 16 stack frames]]>
    </failure>
  </testcase> <!-- webloginX -->
</testsuite> <!-- Car Loan -->
