<?xml version="1.0" encoding="UTF-8"?>
<!-- Generated by org.testng.reporters.JUnitReportReporter -->
<testsuite hostname="AJ" failures="0" tests="7" name="TestApplication.day3" time="0.053" errors="1" timestamp="2024-08-12T16:54:04 IST" skipped="0">
  <testcase classname="TestApplication.day3" name="mobileloginCar" time="0.007"/>
  <testcase classname="TestApplication.day3" name="mobileSignOutCar" time="0.005"/>
  <testcase classname="TestApplication.day3" name="mobileSignOutCar" time="0.010"/>
  <testcase classname="TestApplication.day3" name="webLoginCar" time="0.006"/>
  <testcase classname="TestApplication.day3" name="webloginX" time="0.002">
    <error message="
Parameter &#039;URL&#039; is required by @Test on method webloginX but has not been marked @Optional or defined
in C:\Users\anshu\OneDrive\Desktop\Automation_Sel\TestNGPractice\testng.xml" type="org.testng.TestNGException">
      <![CDATA[org.testng.TestNGException: 
Parameter 'URL' is required by @Test on method webloginX but has not been marked @Optional or defined
in C:\Users\anshu\OneDrive\Desktop\Automation_Sel\TestNGPractice\testng.xml
at org.testng.internal.Parameters.createParams(Parameters.java:267)
at org.testng.internal.Parameters.createParametersForMethod(Parameters.java:355)
at org.testng.internal.Parameters.createParameters(Parameters.java:693)
at org.testng.internal.Parameters.handleParameters(Parameters.java:888)
at org.testng.internal.Parameters.handleParameters(Parameters.java:737)
at org.testng.internal.invokers.ParameterHandler.handleParameters(ParameterHandler.java:72)
at org.testng.internal.invokers.ParameterHandler.createParameters(ParameterHandler.java:51)
at org.testng.internal.invokers.TestInvoker$MethodInvocationAgent.invoke(TestInvoker.java:915)
at org.testng.internal.invokers.TestInvoker.invokeTestMethods(TestInvoker.java:201)
at org.testng.internal.invokers.TestMethodWorker.invokeTestMethods(TestMethodWorker.java:148)
at org.testng.internal.invokers.TestMethodWorker.run(TestMethodWorker.java:128)
at java.base/java.util.ArrayList.forEach(ArrayList.java:1511)
at org.testng.TestRunner.privateRun(TestRunner.java:819)
at org.testng.TestRunner.run(TestRunner.java:619)
at org.testng.SuiteRunner.runTest(SuiteRunner.java:443)
at org.testng.SuiteRunner$SuiteWorker.run(SuiteRunner.java:481)
at org.testng.internal.thread.ThreadUtil.lambda$execute$0(ThreadUtil.java:58)
at java.base/java.util.concurrent.FutureTask.run(FutureTask.java:317)
at java.base/java.util.concurrent.ThreadPoolExecutor.runWorker(ThreadPoolExecutor.java:1144)
at java.base/java.util.concurrent.ThreadPoolExecutor$Worker.run(ThreadPoolExecutor.java:642)
at java.base/java.lang.Thread.run(Thread.java:1589)
]]>
    </error>
  </testcase> <!-- webloginX -->
  <testcase classname="TestApplication.day3" name="loginApiCar" time="0.019"/>
  <testcase classname="TestApplication.day3" name="mobileSignOutCar" time="0.004"/>
</testsuite> <!-- TestApplication.day3 -->
